0 info it worked if it ends with ok
1 verbose cli [ 'D:\\Software\\Develop\\node-v6.10.3-win-x64\\node.exe',
1 verbose cli   'D:\\Software\\Develop\\node-v6.10.3-win-x64\\node_modules\\npm\\bin\\npm-cli.js',
1 verbose cli   'start' ]
2 info using npm@3.10.10
3 info using node@v6.10.3
4 verbose run-script [ 'prestart', 'start', 'poststart' ]
5 info lifecycle es6-modules@0.0.5~prestart: es6-modules@0.0.5
6 silly lifecycle es6-modules@0.0.5~prestart: no script for prestart, continuing
7 info lifecycle es6-modules@0.0.5~start: es6-modules@0.0.5
8 verbose lifecycle es6-modules@0.0.5~start: unsafe-perm in lifecycle true
9 verbose lifecycle es6-modules@0.0.5~start: PATH: D:\Software\Develop\node-v6.10.3-win-x64\node_modules\npm\bin\node-gyp-bin;D:\Programming\Projects\javascript\ES6-Modules-Starter\node_modules\.bin;C:\ProgramData\Oracle\Java\javapath;C:\Windows\system32;C:\Windows;C:\Windows\System32\Wbem;C:\Windows\System32\WindowsPowerShell\v1.0\;C:\Program Files\Microsoft SQL Server\Client SDK\ODBC\130\Tools\Binn\;C:\Program Files (x86)\Microsoft SQL Server\130\Tools\Binn\;C:\Program Files\Microsoft SQL Server\130\Tools\Binn\;C:\Program Files\Microsoft SQL Server\130\DTS\Binn\;C:\Program Files (x86)\Microsoft SQL Server\Client SDK\ODBC\130\Tools\Binn\;C:\Program Files (x86)\Microsoft SQL Server\140\Tools\Binn\;C:\Program Files (x86)\Microsoft SQL Server\140\DTS\Binn\;C:\Program Files (x86)\Microsoft SQL Server\140\Tools\Binn\ManagementStudio\;C:\Ruby24-x64\bin;;C:\Users\Pob\bin\Sencha\Cmd;;D:\Software\Develop\node-v6.10.3-win-x64;;C:\mongodb\bin;;
10 verbose lifecycle es6-modules@0.0.5~start: CWD: D:\Programming\Projects\javascript\ES6-Modules-Starter
11 silly lifecycle es6-modules@0.0.5~start: Args: [ '/d /s /c', 'lite-server' ]
12 silly lifecycle es6-modules@0.0.5~start: Returned: code: 1  signal: null
13 info lifecycle es6-modules@0.0.5~start: Failed to exec start script
14 verbose stack Error: es6-modules@0.0.5 start: `lite-server`
14 verbose stack Exit status 1
14 verbose stack     at EventEmitter.<anonymous> (D:\Software\Develop\node-v6.10.3-win-x64\node_modules\npm\lib\utils\lifecycle.js:255:16)
14 verbose stack     at emitTwo (events.js:106:13)
14 verbose stack     at EventEmitter.emit (events.js:191:7)
14 verbose stack     at ChildProcess.<anonymous> (D:\Software\Develop\node-v6.10.3-win-x64\node_modules\npm\lib\utils\spawn.js:40:14)
14 verbose stack     at emitTwo (events.js:106:13)
14 verbose stack     at ChildProcess.emit (events.js:191:7)
14 verbose stack     at maybeClose (internal/child_process.js:886:16)
14 verbose stack     at Process.ChildProcess._handle.onexit (internal/child_process.js:226:5)
15 verbose pkgid es6-modules@0.0.5
16 verbose cwd D:\Programming\Projects\javascript\ES6-Modules-Starter
17 error Windows_NT 10.0.10240
18 error argv "D:\\Software\\Develop\\node-v6.10.3-win-x64\\node.exe" "D:\\Software\\Develop\\node-v6.10.3-win-x64\\node_modules\\npm\\bin\\npm-cli.js" "start"
19 error node v6.10.3
20 error npm  v3.10.10
21 error code ELIFECYCLE
22 error es6-modules@0.0.5 start: `lite-server`
22 error Exit status 1
23 error Failed at the es6-modules@0.0.5 start script 'lite-server'.
23 error Make sure you have the latest version of node.js and npm installed.
23 error If you do, this is most likely a problem with the es6-modules package,
23 error not with npm itself.
23 error Tell the author that this fails on your system:
23 error     lite-server
23 error You can get information on how to open an issue for this project with:
23 error     npm bugs es6-modules
23 error Or if that isn't available, you can get their info via:
23 error     npm owner ls es6-modules
23 error There is likely additional logging output above.
24 verbose exit [ 1, true ]
