0 info it worked if it ends with ok
1 verbose cli [ 'C:\\Program Files\\nodejs\\node.exe',
1 verbose cli   'C:\\Program Files\\nodejs\\node_modules\\npm\\bin\\npm-cli.js',
1 verbose cli   'install',
1 verbose cli   'mysqljs/mysql' ]
2 info using npm@3.10.8
3 info using node@v6.9.1
4 silly loadCurrentTree Starting
5 silly install loadCurrentTree
6 silly install readLocalPackageData
7 silly fetchPackageMetaData mysqljs/mysql
8 silly fetchOtherPackageData mysqljs/mysql
9 silly cache add args [ 'mysqljs/mysql', null ]
10 verbose cache add spec mysqljs/mysql
11 silly cache add parsed spec Result {
11 silly cache add   raw: 'mysqljs/mysql',
11 silly cache add   scope: null,
11 silly cache add   escapedName: null,
11 silly cache add   name: null,
11 silly cache add   rawSpec: 'mysqljs/mysql',
11 silly cache add   spec: 'github:mysqljs/mysql',
11 silly cache add   type: 'hosted',
11 silly cache add   hosted:
11 silly cache add    { type: 'github',
11 silly cache add      ssh: 'git@github.com:mysqljs/mysql.git',
11 silly cache add      sshUrl: 'git+ssh://git@github.com/mysqljs/mysql.git',
11 silly cache add      httpsUrl: 'git+https://github.com/mysqljs/mysql.git',
11 silly cache add      gitUrl: 'git://github.com/mysqljs/mysql.git',
11 silly cache add      shortcut: 'github:mysqljs/mysql',
11 silly cache add      directUrl: 'https://raw.githubusercontent.com/mysqljs/mysql/master/package.json' } }
12 verbose addRemoteGit caching mysqljs/mysql
13 verbose addRemoteGit mysqljs/mysql is a repository hosted by github
14 silly tryGitProto attempting to clone git://github.com/mysqljs/mysql.git
15 silly tryClone cloning mysqljs/mysql via git://github.com/mysqljs/mysql.git
16 verbose tryClone git-github-com-mysqljs-mysql-git-6d64de05 not in flight; caching
17 verbose correctMkdir C:\Users\Pob\AppData\Roaming\npm-cache\_git-remotes correctMkdir not in flight; initializing
18 warn addRemoteGit Error: not found: git
18 warn addRemoteGit     at getNotFoundError (C:\Program Files\nodejs\node_modules\npm\node_modules\which\which.js:14:12)
18 warn addRemoteGit     at F (C:\Program Files\nodejs\node_modules\npm\node_modules\which\which.js:69:19)
18 warn addRemoteGit     at E (C:\Program Files\nodejs\node_modules\npm\node_modules\which\which.js:81:29)
18 warn addRemoteGit     at C:\Program Files\nodejs\node_modules\npm\node_modules\which\which.js:90:16
18 warn addRemoteGit     at C:\Program Files\nodejs\node_modules\npm\node_modules\which\node_modules\isexe\index.js:44:5
18 warn addRemoteGit     at C:\Program Files\nodejs\node_modules\npm\node_modules\which\node_modules\isexe\windows.js:29:5
18 warn addRemoteGit     at FSReqWrap.oncomplete (fs.js:123:15)
18 warn addRemoteGit  mysqljs/mysql resetting remote C:\Users\Pob\AppData\Roaming\npm-cache\_git-remotes\git-github-com-mysqljs-mysql-git-6d64de05 because of error: { Error: not found: git
18 warn addRemoteGit     at getNotFoundError (C:\Program Files\nodejs\node_modules\npm\node_modules\which\which.js:14:12)
18 warn addRemoteGit     at F (C:\Program Files\nodejs\node_modules\npm\node_modules\which\which.js:69:19)
18 warn addRemoteGit     at E (C:\Program Files\nodejs\node_modules\npm\node_modules\which\which.js:81:29)
18 warn addRemoteGit     at C:\Program Files\nodejs\node_modules\npm\node_modules\which\which.js:90:16
18 warn addRemoteGit     at C:\Program Files\nodejs\node_modules\npm\node_modules\which\node_modules\isexe\index.js:44:5
18 warn addRemoteGit     at C:\Program Files\nodejs\node_modules\npm\node_modules\which\node_modules\isexe\windows.js:29:5
18 warn addRemoteGit     at FSReqWrap.oncomplete (fs.js:123:15) code: 'ENOGIT' }
19 info resetRemote resetting C:\Users\Pob\AppData\Roaming\npm-cache\_git-remotes\git-github-com-mysqljs-mysql-git-6d64de05 for mysqljs/mysql
20 silly gentlyRm C:\Users\Pob\AppData\Roaming\npm-cache\_git-remotes\git-github-com-mysqljs-mysql-git-6d64de05 is being purged
21 verbose gentlyRm don't care about contents; nuking C:\Users\Pob\AppData\Roaming\npm-cache\_git-remotes\git-github-com-mysqljs-mysql-git-6d64de05
22 silly vacuum-fs purging C:\Users\Pob\AppData\Roaming\npm-cache\_git-remotes\git-github-com-mysqljs-mysql-git-6d64de05
23 silly vacuum-fs quitting because other entries in C:\Users\Pob\AppData\Roaming\npm-cache\_git-remotes
24 error git clone --template=C:\Users\Pob\AppData\Roaming\npm-cache\_git-remotes\_templates --mirror git://github.com/mysqljs/mysql.git C:\Users\Pob\AppData\Roaming\npm-cache\_git-remotes\git-github-com-mysqljs-mysql-git-6d64de05: undefined
24 error git clone --template=C:\Users\Pob\AppData\Roaming\npm-cache\_git-remotes\_templates --mirror git://github.com/mysqljs/mysql.git C:\Users\Pob\AppData\Roaming\npm-cache\_git-remotes\git-github-com-mysqljs-mysql-git-6d64de05: undefined
25 silly tryHTTPS attempting to clone git+https://github.com/mysqljs/mysql.git
26 silly tryClone cloning mysqljs/mysql via git+https://github.com/mysqljs/mysql.git
27 verbose tryClone git-https-github-com-mysqljs-mysql-git-9d4f6a0f not in flight; caching
28 verbose correctMkdir C:\Users\Pob\AppData\Roaming\npm-cache\_git-remotes correctMkdir not in flight; initializing
29 warn addRemoteGit Error: not found: git
29 warn addRemoteGit     at getNotFoundError (C:\Program Files\nodejs\node_modules\npm\node_modules\which\which.js:14:12)
29 warn addRemoteGit     at F (C:\Program Files\nodejs\node_modules\npm\node_modules\which\which.js:69:19)
29 warn addRemoteGit     at E (C:\Program Files\nodejs\node_modules\npm\node_modules\which\which.js:81:29)
29 warn addRemoteGit     at C:\Program Files\nodejs\node_modules\npm\node_modules\which\which.js:90:16
29 warn addRemoteGit     at C:\Program Files\nodejs\node_modules\npm\node_modules\which\node_modules\isexe\index.js:44:5
29 warn addRemoteGit     at C:\Program Files\nodejs\node_modules\npm\node_modules\which\node_modules\isexe\windows.js:29:5
29 warn addRemoteGit     at FSReqWrap.oncomplete (fs.js:123:15)
29 warn addRemoteGit  mysqljs/mysql resetting remote C:\Users\Pob\AppData\Roaming\npm-cache\_git-remotes\git-https-github-com-mysqljs-mysql-git-9d4f6a0f because of error: { Error: not found: git
29 warn addRemoteGit     at getNotFoundError (C:\Program Files\nodejs\node_modules\npm\node_modules\which\which.js:14:12)
29 warn addRemoteGit     at F (C:\Program Files\nodejs\node_modules\npm\node_modules\which\which.js:69:19)
29 warn addRemoteGit     at E (C:\Program Files\nodejs\node_modules\npm\node_modules\which\which.js:81:29)
29 warn addRemoteGit     at C:\Program Files\nodejs\node_modules\npm\node_modules\which\which.js:90:16
29 warn addRemoteGit     at C:\Program Files\nodejs\node_modules\npm\node_modules\which\node_modules\isexe\index.js:44:5
29 warn addRemoteGit     at C:\Program Files\nodejs\node_modules\npm\node_modules\which\node_modules\isexe\windows.js:29:5
29 warn addRemoteGit     at FSReqWrap.oncomplete (fs.js:123:15) code: 'ENOGIT' }
30 info resetRemote resetting C:\Users\Pob\AppData\Roaming\npm-cache\_git-remotes\git-https-github-com-mysqljs-mysql-git-9d4f6a0f for mysqljs/mysql
31 silly gentlyRm C:\Users\Pob\AppData\Roaming\npm-cache\_git-remotes\git-https-github-com-mysqljs-mysql-git-9d4f6a0f is being purged
32 verbose gentlyRm don't care about contents; nuking C:\Users\Pob\AppData\Roaming\npm-cache\_git-remotes\git-https-github-com-mysqljs-mysql-git-9d4f6a0f
33 silly vacuum-fs purging C:\Users\Pob\AppData\Roaming\npm-cache\_git-remotes\git-https-github-com-mysqljs-mysql-git-9d4f6a0f
34 silly vacuum-fs quitting because other entries in C:\Users\Pob\AppData\Roaming\npm-cache\_git-remotes
35 error git clone --template=C:\Users\Pob\AppData\Roaming\npm-cache\_git-remotes\_templates --mirror https://github.com/mysqljs/mysql.git C:\Users\Pob\AppData\Roaming\npm-cache\_git-remotes\git-https-github-com-mysqljs-mysql-git-9d4f6a0f: undefined
35 error git clone --template=C:\Users\Pob\AppData\Roaming\npm-cache\_git-remotes\_templates --mirror https://github.com/mysqljs/mysql.git C:\Users\Pob\AppData\Roaming\npm-cache\_git-remotes\git-https-github-com-mysqljs-mysql-git-9d4f6a0f: undefined
36 silly trySSH attempting to clone git@github.com:mysqljs/mysql.git
37 silly tryClone cloning mysqljs/mysql via git@github.com:mysqljs/mysql.git
38 verbose tryClone git-github-com-mysqljs-mysql-git-2e00f31c not in flight; caching
39 verbose correctMkdir C:\Users\Pob\AppData\Roaming\npm-cache\_git-remotes correctMkdir not in flight; initializing
40 warn addRemoteGit Error: not found: git
40 warn addRemoteGit     at getNotFoundError (C:\Program Files\nodejs\node_modules\npm\node_modules\which\which.js:14:12)
40 warn addRemoteGit     at F (C:\Program Files\nodejs\node_modules\npm\node_modules\which\which.js:69:19)
40 warn addRemoteGit     at E (C:\Program Files\nodejs\node_modules\npm\node_modules\which\which.js:81:29)
40 warn addRemoteGit     at C:\Program Files\nodejs\node_modules\npm\node_modules\which\which.js:90:16
40 warn addRemoteGit     at C:\Program Files\nodejs\node_modules\npm\node_modules\which\node_modules\isexe\index.js:44:5
40 warn addRemoteGit     at C:\Program Files\nodejs\node_modules\npm\node_modules\which\node_modules\isexe\windows.js:29:5
40 warn addRemoteGit     at FSReqWrap.oncomplete (fs.js:123:15)
40 warn addRemoteGit  mysqljs/mysql resetting remote C:\Users\Pob\AppData\Roaming\npm-cache\_git-remotes\git-github-com-mysqljs-mysql-git-2e00f31c because of error: { Error: not found: git
40 warn addRemoteGit     at getNotFoundError (C:\Program Files\nodejs\node_modules\npm\node_modules\which\which.js:14:12)
40 warn addRemoteGit     at F (C:\Program Files\nodejs\node_modules\npm\node_modules\which\which.js:69:19)
40 warn addRemoteGit     at E (C:\Program Files\nodejs\node_modules\npm\node_modules\which\which.js:81:29)
40 warn addRemoteGit     at C:\Program Files\nodejs\node_modules\npm\node_modules\which\which.js:90:16
40 warn addRemoteGit     at C:\Program Files\nodejs\node_modules\npm\node_modules\which\node_modules\isexe\index.js:44:5
40 warn addRemoteGit     at C:\Program Files\nodejs\node_modules\npm\node_modules\which\node_modules\isexe\windows.js:29:5
40 warn addRemoteGit     at FSReqWrap.oncomplete (fs.js:123:15) code: 'ENOGIT' }
41 info resetRemote resetting C:\Users\Pob\AppData\Roaming\npm-cache\_git-remotes\git-github-com-mysqljs-mysql-git-2e00f31c for mysqljs/mysql
42 silly gentlyRm C:\Users\Pob\AppData\Roaming\npm-cache\_git-remotes\git-github-com-mysqljs-mysql-git-2e00f31c is being purged
43 verbose gentlyRm don't care about contents; nuking C:\Users\Pob\AppData\Roaming\npm-cache\_git-remotes\git-github-com-mysqljs-mysql-git-2e00f31c
44 silly vacuum-fs purging C:\Users\Pob\AppData\Roaming\npm-cache\_git-remotes\git-github-com-mysqljs-mysql-git-2e00f31c
45 silly vacuum-fs quitting because other entries in C:\Users\Pob\AppData\Roaming\npm-cache\_git-remotes
46 error git clone --template=C:\Users\Pob\AppData\Roaming\npm-cache\_git-remotes\_templates --mirror git@github.com:mysqljs/mysql.git C:\Users\Pob\AppData\Roaming\npm-cache\_git-remotes\git-github-com-mysqljs-mysql-git-2e00f31c: undefined
46 error git clone --template=C:\Users\Pob\AppData\Roaming\npm-cache\_git-remotes\_templates --mirror git@github.com:mysqljs/mysql.git C:\Users\Pob\AppData\Roaming\npm-cache\_git-remotes\git-github-com-mysqljs-mysql-git-2e00f31c: undefined
47 silly fetchPackageMetaData Error: not found: git
47 silly fetchPackageMetaData     at getNotFoundError (C:\Program Files\nodejs\node_modules\npm\node_modules\which\which.js:14:12)
47 silly fetchPackageMetaData     at F (C:\Program Files\nodejs\node_modules\npm\node_modules\which\which.js:69:19)
47 silly fetchPackageMetaData     at E (C:\Program Files\nodejs\node_modules\npm\node_modules\which\which.js:81:29)
47 silly fetchPackageMetaData     at C:\Program Files\nodejs\node_modules\npm\node_modules\which\which.js:90:16
47 silly fetchPackageMetaData     at C:\Program Files\nodejs\node_modules\npm\node_modules\which\node_modules\isexe\index.js:44:5
47 silly fetchPackageMetaData     at C:\Program Files\nodejs\node_modules\npm\node_modules\which\node_modules\isexe\windows.js:29:5
47 silly fetchPackageMetaData     at FSReqWrap.oncomplete (fs.js:123:15)
47 silly fetchPackageMetaData  error for mysqljs/mysql { Error: not found: git
47 silly fetchPackageMetaData     at getNotFoundError (C:\Program Files\nodejs\node_modules\npm\node_modules\which\which.js:14:12)
47 silly fetchPackageMetaData     at F (C:\Program Files\nodejs\node_modules\npm\node_modules\which\which.js:69:19)
47 silly fetchPackageMetaData     at E (C:\Program Files\nodejs\node_modules\npm\node_modules\which\which.js:81:29)
47 silly fetchPackageMetaData     at C:\Program Files\nodejs\node_modules\npm\node_modules\which\which.js:90:16
47 silly fetchPackageMetaData     at C:\Program Files\nodejs\node_modules\npm\node_modules\which\node_modules\isexe\index.js:44:5
47 silly fetchPackageMetaData     at C:\Program Files\nodejs\node_modules\npm\node_modules\which\node_modules\isexe\windows.js:29:5
47 silly fetchPackageMetaData     at FSReqWrap.oncomplete (fs.js:123:15) code: 'ENOGIT' }
48 silly rollbackFailedOptional Starting
49 silly rollbackFailedOptional Finishing
50 silly runTopLevelLifecycles Finishing
51 silly install printInstalled
52 verbose stack Error: not found: git
52 verbose stack     at getNotFoundError (C:\Program Files\nodejs\node_modules\npm\node_modules\which\which.js:14:12)
52 verbose stack     at F (C:\Program Files\nodejs\node_modules\npm\node_modules\which\which.js:69:19)
52 verbose stack     at E (C:\Program Files\nodejs\node_modules\npm\node_modules\which\which.js:81:29)
52 verbose stack     at C:\Program Files\nodejs\node_modules\npm\node_modules\which\which.js:90:16
52 verbose stack     at C:\Program Files\nodejs\node_modules\npm\node_modules\which\node_modules\isexe\index.js:44:5
52 verbose stack     at C:\Program Files\nodejs\node_modules\npm\node_modules\which\node_modules\isexe\windows.js:29:5
52 verbose stack     at FSReqWrap.oncomplete (fs.js:123:15)
53 verbose cwd C:\Users\Pob\myproject
54 error Windows_NT 10.0.14393
55 error argv "C:\\Program Files\\nodejs\\node.exe" "C:\\Program Files\\nodejs\\node_modules\\npm\\bin\\npm-cli.js" "install" "mysqljs/mysql"
56 error node v6.9.1
57 error npm  v3.10.8
58 error code ENOGIT
59 error not found: git
60 error Failed using git.
60 error This is most likely not a problem with npm itself.
60 error Please check if you have git installed and in your PATH.
61 verbose exit [ 1, true ]
